[2022-11-27 01:20:16] Текст ошибки: asdfghjkl;|Файл : C:\OSPanel\domains\Dreamteam.neovox\public\index.php
        |Строка: 15
===============
[2022-11-27 01:20:20] Текст ошибки: asdfghjkl;|Файл : C:\OSPanel\domains\Dreamteam.neovox\public\index.php
        |Строка: 15
===============
[2022-11-27 01:21:08] Текст ошибки: asdfghjkl;|Файл : C:\OSPanel\domains\Dreamteam.neovox\public\index.php
        |Строка: 13
===============
[2022-11-27 01:21:14] Текст ошибки: asdfghjkl;|Файл : C:\OSPanel\domains\Dreamteam.neovox\public\index.php
        |Строка: 13
===============
[2022-11-27 01:21:17] Текст ошибки: asdfghjkl;|Файл : C:\OSPanel\domains\Dreamteam.neovox\public\index.php
        |Строка: 13
===============
[2022-11-27 01:21:34] Текст ошибки: asdfghjkl;|Файл : C:\OSPanel\domains\Dreamteam.neovox\public\index.php
        |Строка: 13
===============
[2022-11-27 01:21:35] Текст ошибки: asdfghjkl;|Файл : C:\OSPanel\domains\Dreamteam.neovox\public\index.php
        |Строка: 13
===============
[2022-11-27 01:21:35] Текст ошибки: asdfghjkl;|Файл : C:\OSPanel\domains\Dreamteam.neovox\public\index.php
        |Строка: 13
===============
[2022-11-27 01:21:35] Текст ошибки: asdfghjkl;|Файл : C:\OSPanel\domains\Dreamteam.neovox\public\index.php
        |Строка: 13
===============
[2022-11-27 01:21:54] Текст ошибки: asdfghjkl;|Файл : C:\OSPanel\domains\Dreamteam.neovox\public\index.php
        |Строка: 13
===============
[2022-11-27 01:21:55] Текст ошибки: asdfghjkl;|Файл : C:\OSPanel\domains\Dreamteam.neovox\public\index.php
        |Строка: 13
===============
[2022-11-27 01:21:55] Текст ошибки: asdfghjkl;|Файл : C:\OSPanel\domains\Dreamteam.neovox\public\index.php
        |Строка: 13
===============
[2022-11-27 01:21:55] Текст ошибки: asdfghjkl;|Файл : C:\OSPanel\domains\Dreamteam.neovox\public\index.php
        |Строка: 13
===============
[2022-11-27 01:21:55] Текст ошибки: asdfghjkl;|Файл : C:\OSPanel\domains\Dreamteam.neovox\public\index.php
        |Строка: 13
===============
[2022-11-27 01:23:25] Текст ошибки: asdfghjkl;|Файл : C:\OSPanel\domains\Dreamteam.neovox\public\index.php
        |Строка: 9
===============
[2022-11-27 01:34:50] Текст ошибки: asdfghjkl;|Файл : C:\OSPanel\domains\Dreamteam.neovox\public\index.php
        |Строка: 9
===============
[2022-11-27 02:10:39] Текст ошибки: asdfghjkl;|Файл : C:\OSPanel\domains\Dreamteam.neovox\public\index.php
        |Строка: 9
===============
[2022-11-27 02:10:44] Текст ошибки: asdfghjkl;|Файл : C:\OSPanel\domains\Dreamteam.neovox\public\index.php
        |Строка: 9
===============
[2022-11-27 02:12:27] Текст ошибки: asdfghjkl;|Файл : C:\OSPanel\domains\Dreamteam.neovox\public\index.php
        |Строка: 9
===============
[2022-11-27 02:12:31] Текст ошибки: asdfghjkl;|Файл : C:\OSPanel\domains\Dreamteam.neovox\public\index.php
        |Строка: 9
===============
[2022-11-27 02:12:42] Текст ошибки: asdfghjkl;|Файл : C:\OSPanel\domains\Dreamteam.neovox\public\index.php
        |Строка: 9
===============
[2022-11-27 02:13:40] Текст ошибки: asdfghjkl;|Файл : C:\OSPanel\domains\Dreamteam.neovox\public\index.php
        |Строка: 9
===============
[2022-11-27 02:13:50] Текст ошибки: asdfghjkl;|Файл : C:\OSPanel\domains\Dreamteam.neovox\public\index.php
        |Строка: 9
===============
[2022-11-27 02:14:47] Текст ошибки: asdfghjkl;|Файл : C:\OSPanel\domains\Dreamteam.neovox\public\index.php
        |Строка: 9
===============
[2022-11-27 02:14:48] Текст ошибки: asdfghjkl;|Файл : C:\OSPanel\domains\Dreamteam.neovox\public\index.php
        |Строка: 9
===============
[2022-11-27 02:14:48] Текст ошибки: asdfghjkl;|Файл : C:\OSPanel\domains\Dreamteam.neovox\public\index.php
        |Строка: 9
===============
[2022-11-27 02:14:49] Текст ошибки: asdfghjkl;|Файл : C:\OSPanel\domains\Dreamteam.neovox\public\index.php
        |Строка: 9
===============
[2022-11-27 02:14:49] Текст ошибки: asdfghjkl;|Файл : C:\OSPanel\domains\Dreamteam.neovox\public\index.php
        |Строка: 9
===============
[2022-11-27 02:14:49] Текст ошибки: asdfghjkl;|Файл : C:\OSPanel\domains\Dreamteam.neovox\public\index.php
        |Строка: 9
===============
[2022-11-27 02:14:49] Текст ошибки: asdfghjkl;|Файл : C:\OSPanel\domains\Dreamteam.neovox\public\index.php
        |Строка: 9
===============
[2022-11-27 02:15:14] Текст ошибки: asdfghjkl;|Файл : C:\OSPanel\domains\Dreamteam.neovox\public\index.php
        |Строка: 9
===============
[2022-11-27 02:15:14] Текст ошибки: asdfghjkl;|Файл : C:\OSPanel\domains\Dreamteam.neovox\public\index.php
        |Строка: 9
===============
[2022-11-27 02:15:15] Текст ошибки: asdfghjkl;|Файл : C:\OSPanel\domains\Dreamteam.neovox\public\index.php
        |Строка: 9
===============
[2022-11-27 02:15:15] Текст ошибки: asdfghjkl;|Файл : C:\OSPanel\domains\Dreamteam.neovox\public\index.php
        |Строка: 9
===============
[2022-11-27 02:15:15] Текст ошибки: asdfghjkl;|Файл : C:\OSPanel\domains\Dreamteam.neovox\public\index.php
        |Строка: 9
===============
[2022-11-27 02:15:15] Текст ошибки: asdfghjkl;|Файл : C:\OSPanel\domains\Dreamteam.neovox\public\index.php
        |Строка: 9
===============
[2022-11-27 02:15:15] Текст ошибки: asdfghjkl;|Файл : C:\OSPanel\domains\Dreamteam.neovox\public\index.php
        |Строка: 9
===============
[2022-11-27 02:15:22] Текст ошибки: asdfghjkl;|Файл : C:\OSPanel\domains\Dreamteam.neovox\public\index.php
        |Строка: 9
===============
[2022-11-27 02:16:22] Текст ошибки: asdfghjkl;|Файл : C:\OSPanel\domains\Dreamteam.neovox\public\index.php
        |Строка: 9
===============
[2022-11-27 02:16:25] Текст ошибки: asdfghjkl;|Файл : C:\OSPanel\domains\Dreamteam.neovox\public\index.php
        |Строка: 9
===============
[2022-11-27 02:16:25] Текст ошибки: asdfghjkl;|Файл : C:\OSPanel\domains\Dreamteam.neovox\public\index.php
        |Строка: 9
===============
[2022-11-27 02:16:57] Текст ошибки: asdfghjkl;|Файл : C:\OSPanel\domains\Dreamteam.neovox\public\index.php
        |Строка: 9
===============
[2022-11-27 02:17:07] Текст ошибки: asdfghjkl;|Файл : C:\OSPanel\domains\Dreamteam.neovox\public\index.php
        |Строка: 9
===============
[2022-11-27 02:17:46] Текст ошибки: asdfghjkl;|Файл : C:\OSPanel\domains\Dreamteam.neovox\public\index.php
        |Строка: 9
===============
[2022-11-27 02:18:04] Текст ошибки: asdfghjkl;|Файл : C:\OSPanel\domains\Dreamteam.neovox\public\index.php
        |Строка: 9
===============
[2022-11-27 02:18:23] Текст ошибки: asdfghjkl;|Файл : C:\OSPanel\domains\Dreamteam.neovox\public\index.php
        |Строка: 9
===============
[2022-11-27 02:18:54] Текст ошибки: asdfghjkl;|Файл : C:\OSPanel\domains\Dreamteam.neovox\public\index.php
        |Строка: 9
===============
[2022-11-27 02:19:28] Текст ошибки: asdfghjkl;|Файл : C:\OSPanel\domains\Dreamteam.neovox\public\index.php
        |Строка: 9
===============
[2022-11-27 02:19:52] Текст ошибки: asdfghjkl;|Файл : C:\OSPanel\domains\Dreamteam.neovox\public\index.php
        |Строка: 9
===============
[2022-11-27 12:51:55] Текст ошибки: asdfghjkl;|Файл : C:\OSPanel\domains\Dreamteam.neovox\public\index.php
        |Строка: 9
===============
[2022-11-27 12:51:57] Текст ошибки: asdfghjkl;|Файл : C:\OSPanel\domains\Dreamteam.neovox\public\index.php
        |Строка: 9
===============
[2022-11-27 12:53:39] Текст ошибки: Произошло непредвиденное исключение|Файл : C:\OSPanel\domains\Dreamteam.neovox\public\index.php
        |Строка: 9
===============
[2022-11-27 12:53:47] Текст ошибки: Произошло непредвиденное исключение|Файл : C:\OSPanel\domains\Dreamteam.neovox\public\index.php
        |Строка: 9
===============
[2022-11-27 12:54:34] Текст ошибки: Произошло непредвиденное исключение|Файл : C:\OSPanel\domains\Dreamteam.neovox\public\index.php
        |Строка: 9
===============
[2022-11-27 12:54:35] Текст ошибки: Произошло непредвиденное исключение|Файл : C:\OSPanel\domains\Dreamteam.neovox\public\index.php
        |Строка: 9
===============
[2022-11-27 12:56:05] Текст ошибки: Произошло непредвиденное исключение|Файл : C:\OSPanel\domains\Dreamteam.neovox\public\index.php
        |Строка: 9
===============
[2022-11-27 12:56:05] Текст ошибки: Произошло непредвиденное исключение|Файл : C:\OSPanel\domains\Dreamteam.neovox\public\index.php
        |Строка: 9
===============
[2022-11-27 13:01:55] Текст ошибки: Произошло непредвиденное исключение|Файл : C:\OSPanel\domains\Dreamteam.neovox\public\index.php
        |Строка: 9
===============
[2022-11-27 13:02:30] Текст ошибки: Произошло непредвиденное исключение|Файл : C:\OSPanel\domains\Dreamteam.neovox\public\index.php
        |Строка: 9
===============
[2022-11-27 13:02:41] Текст ошибки: Произошло непредвиденное исключение|Файл : C:\OSPanel\domains\Dreamteam.neovox\public\index.php
        |Строка: 9
===============
[2022-11-27 13:03:48] Текст ошибки: Произошло непредвиденное исключение|Файл : C:\OSPanel\domains\Dreamteam.neovox\public\index.php
        |Строка: 9
===============
[2022-11-27 13:07:14] Текст ошибки: Произошло непредвиденное исключение|Файл : C:\OSPanel\domains\Dreamteam.neovox\public\index.php
        |Строка: 9
===============
[2022-11-27 13:07:21] Текст ошибки: Произошло непредвиденное исключение|Файл : C:\OSPanel\domains\Dreamteam.neovox\public\index.php
        |Строка: 9
===============
[2022-11-27 13:07:33] Текст ошибки: Произошло непредвиденное исключение|Файл : C:\OSPanel\domains\Dreamteam.neovox\public\index.php
        |Строка: 10
===============
[2022-11-27 13:08:27] Текст ошибки: Произошло непредвиденное исключение|Файл : C:\OSPanel\domains\Dreamteam.neovox\public\index.php
        |Строка: 8
===============
[2022-11-27 13:08:38] Текст ошибки: Произошло непредвиденное исключение|Файл : C:\OSPanel\domains\Dreamteam.neovox\public\index.php
        |Строка: 8
===============
[2022-11-27 13:08:43] Текст ошибки: Произошло непредвиденное исключение|Файл : C:\OSPanel\domains\Dreamteam.neovox\public\index.php
        |Строка: 8
===============
[2022-11-27 13:12:25] Текст ошибки: Произошло непредвиденное исключение|Файл : C:\OSPanel\domains\Dreamteam.neovox\public\index.php
        |Строка: 8
===============
[2022-11-27 13:12:27] Текст ошибки: Произошло непредвиденное исключение|Файл : C:\OSPanel\domains\Dreamteam.neovox\public\index.php
        |Строка: 8
===============
[2022-11-27 13:15:08] Текст ошибки: Произошло непредвиденное исключение|Файл : C:\OSPanel\domains\Dreamteam.neovox\public\index.php
        |Строка: 8
===============
[2022-11-27 13:30:07] Текст ошибки: Произошло непредвиденное исключение|Файл : C:\OSPanel\domains\Dreamteam.neovox\public\index.php
        |Строка: 8
===============
[2022-11-27 13:30:07] Текст ошибки: Произошло непредвиденное исключение|Файл : C:\OSPanel\domains\Dreamteam.neovox\public\index.php
        |Строка: 8
===============
[2022-11-27 13:31:18] Текст ошибки: Произошло непредвиденное исключение|Файл : C:\OSPanel\domains\Dreamteam.neovox\public\index.php
        |Строка: 8
===============
[2022-11-27 13:32:45] Текст ошибки: Произошло непредвиденное исключение|Файл : C:\OSPanel\domains\Dreamteam.neovox\public\index.php
        |Строка: 8
===============
[2022-11-27 13:33:18] Текст ошибки: Произошло непредвиденное исключение|Файл : C:\OSPanel\domains\Dreamteam.neovox\public\index.php
        |Строка: 8
===============
[2022-11-27 13:33:29] Текст ошибки: Произошло непредвиденное исключение|Файл : C:\OSPanel\domains\Dreamteam.neovox\public\index.php
        |Строка: 8
===============
[2022-11-27 13:33:34] Текст ошибки: Произошло непредвиденное исключение|Файл : C:\OSPanel\domains\Dreamteam.neovox\public\index.php
        |Строка: 8
===============
[2022-11-27 13:33:49] Текст ошибки: Произошло непредвиденное исключение|Файл : C:\OSPanel\domains\Dreamteam.neovox\public\index.php
        |Строка: 8
===============
[2022-11-27 13:35:14] Текст ошибки: Произошло непредвиденное исключение|Файл : C:\OSPanel\domains\Dreamteam.neovox\public\index.php
        |Строка: 8
===============
[2022-11-27 13:45:59] Текст ошибки: Произошло непредвиденное исключение|Файл : C:\OSPanel\domains\Dreamteam.neovox\public\index.php
        |Строка: 8
===============
[2022-11-27 13:46:02] Текст ошибки: Произошло непредвиденное исключение|Файл : C:\OSPanel\domains\Dreamteam.neovox\public\index.php
        |Строка: 8
===============
[2022-11-27 13:47:14] Текст ошибки: Произошло непредвиденное исключение|Файл : C:\OSPanel\domains\Dreamteam.neovox\public\index.php
        |Строка: 8
===============
[2022-11-27 13:47:15] Текст ошибки: Произошло непредвиденное исключение|Файл : C:\OSPanel\domains\Dreamteam.neovox\public\index.php
        |Строка: 8
===============
[2022-11-27 13:47:17] Текст ошибки: Произошло непредвиденное исключение|Файл : C:\OSPanel\domains\Dreamteam.neovox\public\index.php
        |Строка: 8
===============
[2022-11-27 13:47:18] Текст ошибки: Произошло непредвиденное исключение|Файл : C:\OSPanel\domains\Dreamteam.neovox\public\index.php
        |Строка: 8
===============
[2022-11-27 13:47:19] Текст ошибки: Произошло непредвиденное исключение|Файл : C:\OSPanel\domains\Dreamteam.neovox\public\index.php
        |Строка: 8
===============
[2022-11-27 13:47:20] Текст ошибки: Произошло непредвиденное исключение|Файл : C:\OSPanel\domains\Dreamteam.neovox\public\index.php
        |Строка: 8
===============
[2022-11-27 13:47:20] Текст ошибки: Произошло непредвиденное исключение|Файл : C:\OSPanel\domains\Dreamteam.neovox\public\index.php
        |Строка: 8
===============
[2022-11-27 13:47:20] Текст ошибки: Произошло непредвиденное исключение|Файл : C:\OSPanel\domains\Dreamteam.neovox\public\index.php
        |Строка: 8
===============
[2022-11-27 13:47:20] Текст ошибки: Произошло непредвиденное исключение|Файл : C:\OSPanel\domains\Dreamteam.neovox\public\index.php
        |Строка: 8
===============
[2022-11-27 13:47:48] Текст ошибки: Произошло непредвиденное исключение|Файл : C:\OSPanel\domains\Dreamteam.neovox\public\index.php
        |Строка: 8
===============
[2022-11-27 13:50:12] Текст ошибки: Произошло непредвиденное исключение|Файл : C:\OSPanel\domains\Dreamteam.neovox\public\index.php
        |Строка: 8
===============
[2022-11-27 13:50:14] Текст ошибки: Произошло непредвиденное исключение|Файл : C:\OSPanel\domains\Dreamteam.neovox\public\index.php
        |Строка: 8
===============
[2022-11-27 13:50:14] Текст ошибки: Произошло непредвиденное исключение|Файл : C:\OSPanel\domains\Dreamteam.neovox\public\index.php
        |Строка: 8
===============
[2022-11-27 13:50:14] Текст ошибки: Произошло непредвиденное исключение|Файл : C:\OSPanel\domains\Dreamteam.neovox\public\index.php
        |Строка: 8
===============
[2022-11-27 13:50:15] Текст ошибки: Произошло непредвиденное исключение|Файл : C:\OSPanel\domains\Dreamteam.neovox\public\index.php
        |Строка: 8
===============
[2022-11-27 13:50:15] Текст ошибки: Произошло непредвиденное исключение|Файл : C:\OSPanel\domains\Dreamteam.neovox\public\index.php
        |Строка: 8
===============
[2022-11-27 13:51:31] Текст ошибки: 2|Файл : C:\OSPanel\domains\Dreamteam.neovox\public\index.php
        |Строка: 11
===============
[2022-11-27 13:52:40] Текст ошибки: 2|Файл : C:\OSPanel\domains\Dreamteam.neovox\public\index.php
        |Строка: 11
===============
[2022-11-27 13:52:44] Текст ошибки: 2|Файл : C:\OSPanel\domains\Dreamteam.neovox\public\index.php
        |Строка: 11
===============
[2022-11-27 13:52:45] Текст ошибки: 2|Файл : C:\OSPanel\domains\Dreamteam.neovox\public\index.php
        |Строка: 11
===============
[2022-11-27 13:52:51] Текст ошибки: 2|Файл : C:\OSPanel\domains\Dreamteam.neovox\public\index.php
        |Строка: 11
===============
[2022-11-27 18:12:14] Текст ошибки: 2|Файл : C:\OSPanel\domains\Dreamteam.neovox\vendor\max\Router.php
        |Строка: 40
===============
[2022-11-27 18:12:14] Текст ошибки: 2|Файл : C:\OSPanel\domains\Dreamteam.neovox\vendor\max\Router.php
        |Строка: 40
===============
[2022-11-27 18:13:38] Текст ошибки: 2|Файл : C:\OSPanel\domains\Dreamteam.neovox\vendor\max\Router.php
        |Строка: 40
===============
[2022-11-27 18:13:38] Текст ошибки: 2|Файл : C:\OSPanel\domains\Dreamteam.neovox\vendor\max\Router.php
        |Строка: 40
===============
[2022-11-27 18:13:39] Текст ошибки: 2|Файл : C:\OSPanel\domains\Dreamteam.neovox\vendor\max\Router.php
        |Строка: 40
===============
[2022-11-27 18:13:39] Текст ошибки: 2|Файл : C:\OSPanel\domains\Dreamteam.neovox\vendor\max\Router.php
        |Строка: 40
===============
[2022-11-27 18:13:39] Текст ошибки: 2|Файл : C:\OSPanel\domains\Dreamteam.neovox\vendor\max\Router.php
        |Строка: 40
===============
[2022-11-27 18:13:39] Текст ошибки: 2|Файл : C:\OSPanel\domains\Dreamteam.neovox\vendor\max\Router.php
        |Строка: 40
===============
[2022-11-27 18:14:08] Текст ошибки: 2|Файл : C:\OSPanel\domains\Dreamteam.neovox\vendor\max\Router.php
        |Строка: 40
===============
[2022-11-27 18:14:08] Текст ошибки: 2|Файл : C:\OSPanel\domains\Dreamteam.neovox\vendor\max\Router.php
        |Строка: 40
===============
[2022-11-27 18:14:08] Текст ошибки: 2|Файл : C:\OSPanel\domains\Dreamteam.neovox\vendor\max\Router.php
        |Строка: 40
===============
[2022-11-27 18:14:08] Текст ошибки: 2|Файл : C:\OSPanel\domains\Dreamteam.neovox\vendor\max\Router.php
        |Строка: 40
===============
[2022-11-27 18:14:16] Текст ошибки: 2|Файл : C:\OSPanel\domains\Dreamteam.neovox\vendor\max\Router.php
        |Строка: 40
===============
[2022-11-27 18:14:17] Текст ошибки: 2|Файл : C:\OSPanel\domains\Dreamteam.neovox\vendor\max\Router.php
        |Строка: 40
===============
[2022-11-27 18:14:17] Текст ошибки: 2|Файл : C:\OSPanel\domains\Dreamteam.neovox\vendor\max\Router.php
        |Строка: 40
===============
[2022-11-27 18:14:17] Текст ошибки: 2|Файл : C:\OSPanel\domains\Dreamteam.neovox\vendor\max\Router.php
        |Строка: 40
===============
[2022-11-27 18:14:17] Текст ошибки: 2|Файл : C:\OSPanel\domains\Dreamteam.neovox\vendor\max\Router.php
        |Строка: 40
===============
[2022-11-27 18:14:17] Текст ошибки: 2|Файл : C:\OSPanel\domains\Dreamteam.neovox\vendor\max\Router.php
        |Строка: 40
===============
[2022-11-27 18:14:17] Текст ошибки: 2|Файл : C:\OSPanel\domains\Dreamteam.neovox\vendor\max\Router.php
        |Строка: 40
===============
[2022-11-27 18:14:17] Текст ошибки: 2|Файл : C:\OSPanel\domains\Dreamteam.neovox\vendor\max\Router.php
        |Строка: 40
===============
[2022-11-27 18:14:26] Текст ошибки: 2|Файл : C:\OSPanel\domains\Dreamteam.neovox\vendor\max\Router.php
        |Строка: 40
===============
[2022-11-27 18:14:26] Текст ошибки: 2|Файл : C:\OSPanel\domains\Dreamteam.neovox\vendor\max\Router.php
        |Строка: 40
===============
[2022-11-27 18:19:07] Текст ошибки: 2|Файл : C:\OSPanel\domains\Dreamteam.neovox\vendor\max\Router.php
        |Строка: 40
===============
[2022-11-27 18:19:07] Текст ошибки: 2|Файл : C:\OSPanel\domains\Dreamteam.neovox\vendor\max\Router.php
        |Строка: 40
===============
[2022-11-27 18:20:36] Текст ошибки: 2|Файл : C:\OSPanel\domains\Dreamteam.neovox\vendor\max\Router.php
        |Строка: 40
===============
[2022-11-27 18:20:36] Текст ошибки: 2|Файл : C:\OSPanel\domains\Dreamteam.neovox\vendor\max\Router.php
        |Строка: 40
===============
[2022-11-27 18:20:38] Текст ошибки: 2|Файл : C:\OSPanel\domains\Dreamteam.neovox\vendor\max\Router.php
        |Строка: 40
===============
[2022-11-27 18:20:38] Текст ошибки: 2|Файл : C:\OSPanel\domains\Dreamteam.neovox\vendor\max\Router.php
        |Строка: 40
===============
[2022-11-27 18:20:38] Текст ошибки: 2|Файл : C:\OSPanel\domains\Dreamteam.neovox\vendor\max\Router.php
        |Строка: 40
===============
[2022-11-27 18:20:38] Текст ошибки: 2|Файл : C:\OSPanel\domains\Dreamteam.neovox\vendor\max\Router.php
        |Строка: 40
===============
[2022-11-27 18:20:38] Текст ошибки: 2|Файл : C:\OSPanel\domains\Dreamteam.neovox\vendor\max\Router.php
        |Строка: 40
===============
[2022-11-27 18:20:38] Текст ошибки: 2|Файл : C:\OSPanel\domains\Dreamteam.neovox\vendor\max\Router.php
        |Строка: 40
===============
[2022-11-27 19:49:29] Текст ошибки: Too few arguments to function max\Router::matchRoute(), 0 passed in C:\OSPanel\domains\Dreamteam.neovox\vendor\max\Router.php on line 18 and exactly 1 expected|Файл : C:\OSPanel\domains\Dreamteam.neovox\vendor\max\Router.php
        |Строка: 37
===============
[2022-11-27 19:49:29] Текст ошибки: Too few arguments to function max\Router::matchRoute(), 0 passed in C:\OSPanel\domains\Dreamteam.neovox\vendor\max\Router.php on line 18 and exactly 1 expected|Файл : C:\OSPanel\domains\Dreamteam.neovox\vendor\max\Router.php
        |Строка: 37
===============
[2022-11-27 19:50:58] Текст ошибки: preg_match(): Argument #2 ($subject) must be of type string, array given|Файл : C:\OSPanel\domains\Dreamteam.neovox\vendor\max\Router.php
        |Строка: 40
===============
[2022-11-27 19:51:39] Текст ошибки: explode(): Argument #2 ($string) must be of type string, array given|Файл : C:\OSPanel\domains\Dreamteam.neovox\vendor\max\Router.php
        |Строка: 63
===============
[2022-11-27 19:51:40] Текст ошибки: explode(): Argument #2 ($string) must be of type string, array given|Файл : C:\OSPanel\domains\Dreamteam.neovox\vendor\max\Router.php
        |Строка: 63
===============
[2022-11-27 19:51:41] Текст ошибки: explode(): Argument #2 ($string) must be of type string, array given|Файл : C:\OSPanel\domains\Dreamteam.neovox\vendor\max\Router.php
        |Строка: 63
===============
[2022-11-27 19:51:41] Текст ошибки: explode(): Argument #2 ($string) must be of type string, array given|Файл : C:\OSPanel\domains\Dreamteam.neovox\vendor\max\Router.php
        |Строка: 63
===============
[2022-11-27 19:51:41] Текст ошибки: explode(): Argument #2 ($string) must be of type string, array given|Файл : C:\OSPanel\domains\Dreamteam.neovox\vendor\max\Router.php
        |Строка: 63
===============
[2022-11-27 19:51:41] Текст ошибки: explode(): Argument #2 ($string) must be of type string, array given|Файл : C:\OSPanel\domains\Dreamteam.neovox\vendor\max\Router.php
        |Строка: 63
===============
[2022-11-27 19:51:57] Текст ошибки: 2|Файл : C:\OSPanel\domains\Dreamteam.neovox\vendor\max\Router.php
        |Строка: 64
===============
[2022-11-27 19:52:21] Текст ошибки: 2|Файл : C:\OSPanel\domains\Dreamteam.neovox\vendor\max\Router.php
        |Строка: 65
===============
[2022-11-27 19:52:43] Текст ошибки: 2|Файл : C:\OSPanel\domains\Dreamteam.neovox\vendor\max\Router.php
        |Строка: 66
===============
[2022-11-27 19:52:45] Текст ошибки: 2|Файл : C:\OSPanel\domains\Dreamteam.neovox\vendor\max\Router.php
        |Строка: 66
===============
[2022-11-27 19:52:45] Текст ошибки: 2|Файл : C:\OSPanel\domains\Dreamteam.neovox\vendor\max\Router.php
        |Строка: 66
===============
[2022-11-27 19:52:53] Текст ошибки: 2|Файл : C:\OSPanel\domains\Dreamteam.neovox\vendor\max\Router.php
        |Строка: 66
===============
[2022-11-27 19:52:58] Текст ошибки: 2|Файл : C:\OSPanel\domains\Dreamteam.neovox\vendor\max\Router.php
        |Строка: 66
===============
[2022-11-27 19:53:20] Текст ошибки: 2|Файл : C:\OSPanel\domains\Dreamteam.neovox\vendor\max\Router.php
        |Строка: 66
===============
[2022-11-27 19:53:36] Текст ошибки: 2|Файл : C:\OSPanel\domains\Dreamteam.neovox\vendor\max\Router.php
        |Строка: 66
===============
[2022-11-27 19:53:39] Текст ошибки: 2|Файл : C:\OSPanel\domains\Dreamteam.neovox\vendor\max\Router.php
        |Строка: 66
===============
[2022-11-27 19:53:39] Текст ошибки: 2|Файл : C:\OSPanel\domains\Dreamteam.neovox\vendor\max\Router.php
        |Строка: 66
===============
[2022-11-27 19:53:39] Текст ошибки: 2|Файл : C:\OSPanel\domains\Dreamteam.neovox\vendor\max\Router.php
        |Строка: 66
===============
[2022-11-27 19:53:40] Текст ошибки: 2|Файл : C:\OSPanel\domains\Dreamteam.neovox\vendor\max\Router.php
        |Строка: 66
===============
[2022-11-27 19:53:47] Текст ошибки: 2|Файл : C:\OSPanel\domains\Dreamteam.neovox\vendor\max\Router.php
        |Строка: 66
===============
[2022-11-27 19:53:48] Текст ошибки: 2|Файл : C:\OSPanel\domains\Dreamteam.neovox\vendor\max\Router.php
        |Строка: 66
===============
[2022-11-27 19:54:05] Текст ошибки: 2|Файл : C:\OSPanel\domains\Dreamteam.neovox\vendor\max\Router.php
        |Строка: 66
===============
[2022-11-27 20:23:48] Текст ошибки: Class "mysql_xdevapi\Exception" not found|Файл : C:\OSPanel\domains\Dreamteam.neovox\vendor\max\Router.php
        |Строка: 37
===============
[2022-11-27 20:24:06] Текст ошибки: Class "max\Exception" not found|Файл : C:\OSPanel\domains\Dreamteam.neovox\vendor\max\Router.php
        |Строка: 35
===============
[2022-11-27 20:24:11] Текст ошибки: Class "max\Exception" not found|Файл : C:\OSPanel\domains\Dreamteam.neovox\vendor\max\Router.php
        |Строка: 35
===============
[2022-11-27 20:24:12] Текст ошибки: Class "max\Exception" not found|Файл : C:\OSPanel\domains\Dreamteam.neovox\vendor\max\Router.php
        |Строка: 35
===============
[2022-11-27 20:24:12] Текст ошибки: Class "max\Exception" not found|Файл : C:\OSPanel\domains\Dreamteam.neovox\vendor\max\Router.php
        |Строка: 35
===============
[2022-11-27 20:24:29] Текст ошибки: Контроллер app\controllers\MainController не найден|Файл : C:\OSPanel\domains\Dreamteam.neovox\vendor\max\Router.php
        |Строка: 35
===============
[2022-11-27 20:27:10] Текст ошибки: Контроллер app\controllers\admin\AsdController не найден|Файл : C:\OSPanel\domains\Dreamteam.neovox\vendor\max\Router.php
        |Строка: 39
===============
[2022-11-27 20:28:42] Текст ошибки: Контроллер app\controllers\admin\AsdController не найден|Файл : C:\OSPanel\domains\Dreamteam.neovox\vendor\max\Router.php
        |Строка: 39
===============
[2022-11-27 20:28:43] Текст ошибки: Контроллер app\controllers\admin\AsdController не найден|Файл : C:\OSPanel\domains\Dreamteam.neovox\vendor\max\Router.php
        |Строка: 39
===============
[2022-11-27 20:28:46] Текст ошибки: Контроллер app\controllers\admin\AsdController не найден|Файл : C:\OSPanel\domains\Dreamteam.neovox\vendor\max\Router.php
        |Строка: 39
===============
[2022-11-27 20:28:51] Текст ошибки: Контроллер app\controllers\AsdController не найден|Файл : C:\OSPanel\domains\Dreamteam.neovox\vendor\max\Router.php
        |Строка: 39
===============
[2022-11-27 20:28:55] Текст ошибки: Метод app\controllers\MainController::indexAction не найден|Файл : C:\OSPanel\domains\Dreamteam.neovox\vendor\max\Router.php
        |Строка: 36
===============
[2022-11-27 20:29:47] Текст ошибки: 2|Файл : C:\OSPanel\domains\Dreamteam.neovox\vendor\max\Router.php
        |Строка: 34
===============
[2022-11-27 20:31:11] Текст ошибки: 2|Файл : C:\OSPanel\domains\Dreamteam.neovox\vendor\max\Router.php
        |Строка: 34
===============
[2022-11-27 20:31:15] Текст ошибки: 2|Файл : C:\OSPanel\domains\Dreamteam.neovox\vendor\max\Router.php
        |Строка: 34
===============
[2022-11-27 20:31:15] Текст ошибки: 2|Файл : C:\OSPanel\domains\Dreamteam.neovox\vendor\max\Router.php
        |Строка: 34
===============
[2022-11-27 20:31:27] Текст ошибки: Call to undefined method app\controllers\MainController::action()|Файл : C:\OSPanel\domains\Dreamteam.neovox\vendor\max\Router.php
        |Строка: 34
===============
[2022-11-27 20:31:34] Текст ошибки: 2|Файл : C:\OSPanel\domains\Dreamteam.neovox\vendor\max\Router.php
        |Строка: 34
===============
[2022-11-27 20:32:23] Текст ошибки: 2|Файл : C:\OSPanel\domains\Dreamteam.neovox\vendor\max\Router.php
        |Строка: 35
===============
[2022-11-27 20:32:40] Текст ошибки: Access to undeclared static property app\controllers\MainController::$action|Файл : C:\OSPanel\domains\Dreamteam.neovox\vendor\max\Router.php
        |Строка: 34
===============
[2022-11-27 20:33:06] Текст ошибки: 2|Файл : C:\OSPanel\domains\Dreamteam.neovox\vendor\max\Router.php
        |Строка: 34
===============
[2022-11-27 20:44:54] Текст ошибки: 2|Файл : C:\OSPanel\domains\Dreamteam.neovox\vendor\max\Router.php
        |Строка: 34
===============
[2022-11-27 20:45:58] Текст ошибки: syntax error, unexpected variable "$indexAction"|Файл : C:\OSPanel\domains\Dreamteam.neovox\app\controllers\MainController.php
        |Строка: 7
===============
[2022-11-27 20:46:07] Текст ошибки: 2|Файл : C:\OSPanel\domains\Dreamteam.neovox\vendor\max\Router.php
        |Строка: 34
===============
[2022-11-27 20:52:25] Текст ошибки: Метод app\controllers\PageController::viewAction не найден|Файл : C:\OSPanel\domains\Dreamteam.neovox\vendor\max\Router.php
        |Строка: 36
===============
